2014-08-12 14:05:30,249 - main - INFO - init title word idf ser
2014-08-12 14:06:57,841 - main - INFO - init title word idf ser success
2014-08-12 14:06:58,679 - main - INFO - 2014-08-11 14:06:58.679397 is being process..
2014-08-12 14:07:00,242 - main - INFO - 333
2014-08-12 14:07:46,571 - main - INFO - init title word idf ser
2014-08-12 14:09:08,921 - main - INFO - init title word idf ser success
2014-08-12 14:09:10,649 - main - INFO - 60
2014-08-12 14:09:11,036 - main - INFO - 2013-01-08 00:00:00 is being process..
2014-08-12 14:09:12,069 - main - INFO - 86
2014-08-12 14:09:12,584 - main - INFO - 2013-01-09 00:00:00 is being process..
2014-08-12 14:09:13,634 - main - INFO - 114
2014-08-12 14:09:14,768 - main - INFO - 2013-01-10 00:00:00 is being process..
2014-08-12 14:09:15,940 - main - INFO - 135
2014-08-12 14:09:16,810 - main - INFO - 2013-01-11 00:00:00 is being process..
2014-08-12 14:09:18,001 - main - INFO - 156
2014-08-12 14:09:19,008 - main - INFO - 2013-01-12 00:00:00 is being process..
2014-08-12 14:09:20,256 - main - INFO - 155
2014-08-12 14:09:21,295 - main - INFO - 2013-01-13 00:00:00 is being process..
2014-08-12 14:09:22,514 - main - INFO - 164
2014-08-12 14:09:23,650 - main - INFO - 2013-01-14 00:00:00 is being process..
2014-08-12 14:09:24,952 - main - INFO - 207
2014-08-12 14:09:26,944 - main - INFO - 2013-01-15 00:00:00 is being process..
2014-08-12 14:09:28,149 - main - INFO - 217
2014-08-12 14:09:29,669 - main - INFO - 2013-01-16 00:00:00 is being process..
